::1 - - [03/Feb/2019:11:42:02 +0000] "GET /api/book HTTP/1.1" 200 38 "-" "PostmanRuntime/7.6.0"
::1 - - [03/Feb/2019:12:44:09 +0000] "GET /error HTTP/1.1" 500 2828 "-" "PostmanRuntime/7.6.0"
::1 - - [03/Feb/2019:12:47:44 +0000] "GET /error HTTP/1.1" 500 2828 "-" "PostmanRuntime/7.6.0"
::1 - - [03/Feb/2019:12:49:27 +0000] "GET /error HTTP/1.1" 500 2828 "-" "PostmanRuntime/7.6.0"
::1 - - [03/Feb/2019:12:49:42 +0000] "GET /error HTTP/1.1" 500 2828 "-" "PostmanRuntime/7.6.0"
::1 - - [03/Feb/2019:12:50:47 +0000] "GET /error HTTP/1.1" 500 2828 "-" "PostmanRuntime/7.6.0"
::1 - - [03/Feb/2019:12:51:21 +0000] "GET /error HTTP/1.1" 500 2828 "-" "PostmanRuntime/7.6.0"
::1 - - [03/Feb/2019:13:30:37 +0000] "POST /user HTTP/1.1" 404 144 "-" "PostmanRuntime/7.6.0"
::1 - - [03/Feb/2019:13:31:51 +0000] "POST /user HTTP/1.1" 404 144 "-" "PostmanRuntime/7.6.0"
::1 - - [03/Feb/2019:13:34:34 +0000] "POST /api/user HTTP/1.1" - - "-" "PostmanRuntime/7.6.0"
::1 - - [03/Feb/2019:13:51:19 +0000] "POST /api/user HTTP/1.1" 201 63 "-" "PostmanRuntime/7.6.0"
::1 - - [03/Feb/2019:13:59:46 +0000] "POST /api/user HTTP/1.1" 201 59 "-" "PostmanRuntime/7.6.0"
::1 - - [03/Feb/2019:15:24:58 +0000] "POST /api/book HTTP/1.1" 201 42 "-" "PostmanRuntime/7.6.0"
::1 - - [03/Feb/2019:15:25:36 +0000] "POST /api/user HTTP/1.1" 201 37 "-" "PostmanRuntime/7.6.0"
::1 - - [03/Feb/2019:15:26:45 +0000] "POST /api/1/user/book HTTP/1.1" 404 155 "-" "PostmanRuntime/7.6.0"
::1 - - [03/Feb/2019:15:29:23 +0000] "POST /api/user/book HTTP/1.1" - - "-" "PostmanRuntime/7.6.0"
::1 - - [03/Feb/2019:15:37:47 +0000] "POST /api/user/book HTTP/1.1" - - "-" "PostmanRuntime/7.6.0"
::1 - - [03/Feb/2019:15:40:05 +0000] "POST /api/user/8/book HTTP/1.1" - - "-" "PostmanRuntime/7.6.0"
::1 - - [03/Feb/2019:15:46:50 +0000] "POST /api/user/8/book HTTP/1.1" 400 25 "-" "PostmanRuntime/7.6.0"
::1 - - [03/Feb/2019:15:47:13 +0000] "POST /api/user/8/book HTTP/1.1" 400 25 "-" "PostmanRuntime/7.6.0"
::1 - - [03/Feb/2019:15:48:11 +0000] "POST /api/user/8/book HTTP/1.1" 400 25 "-" "PostmanRuntime/7.6.0"
::1 - - [03/Feb/2019:15:51:31 +0000] "POST /api/user/8/book HTTP/1.1" - - "-" "PostmanRuntime/7.6.0"
::1 - - [03/Feb/2019:15:55:47 +0000] "POST /api/user/8/book HTTP/1.1" - - "-" "PostmanRuntime/7.6.0"
::1 - - [03/Feb/2019:16:02:11 +0000] "POST /api/user/8/book HTTP/1.1" 200 39 "-" "PostmanRuntime/7.6.0"
::1 - - [03/Feb/2019:16:03:27 +0000] "POST /api/user/book HTTP/1.1" 200 39 "-" "PostmanRuntime/7.6.0"
::1 - - [03/Feb/2019:16:04:20 +0000] "POST /api/user/book HTTP/1.1" 200 39 "-" "PostmanRuntime/7.6.0"
::1 - - [03/Feb/2019:16:29:26 +0000] "DELETE /api/user/book HTTP/1.1" 200 39 "-" "PostmanRuntime/7.6.0"
::1 - - [03/Feb/2019:16:30:08 +0000] "POST /api/user/book HTTP/1.1" 200 39 "-" "PostmanRuntime/7.6.0"
::1 - - [03/Feb/2019:16:31:10 +0000] "DELETE /api/user HTTP/1.1" 201 37 "-" "PostmanRuntime/7.6.0"
::1 - - [03/Feb/2019:17:00:03 +0000] "POST /api/user HTTP/1.1" 201 37 "-" "PostmanRuntime/7.6.0"
::1 - - [03/Feb/2019:17:00:27 +0000] "POST /api/user/book HTTP/1.1" 200 39 "-" "PostmanRuntime/7.6.0"
::1 - - [03/Feb/2019:17:00:44 +0000] "DELETE /api/book HTTP/1.1" 204 - "-" "PostmanRuntime/7.6.0"
::1 - - [03/Feb/2019:17:06:42 +0000] "DELETE /api/book HTTP/1.1" 404 150 "-" "PostmanRuntime/7.6.0"
::1 - - [03/Feb/2019:17:07:02 +0000] "POST /api/book HTTP/1.1" 404 148 "-" "PostmanRuntime/7.6.0"
::1 - - [03/Feb/2019:17:07:31 +0000] "POST /api/book HTTP/1.1" 201 42 "-" "PostmanRuntime/7.6.0"
::1 - - [03/Feb/2019:17:07:45 +0000] "DELETE /api/book HTTP/1.1" 204 - "-" "PostmanRuntime/7.6.0"
::1 - - [03/Feb/2019:18:27:21 +0000] "POST /api/book HTTP/1.1" 400 - "-" "PostmanRuntime/7.6.0"
::1 - - [03/Feb/2019:18:27:59 +0000] "POST /api/book HTTP/1.1" 400 - "-" "PostmanRuntime/7.6.0"
::1 - - [03/Feb/2019:18:28:20 +0000] "POST /api/book HTTP/1.1" 201 50 "-" "PostmanRuntime/7.6.0"
::1 - - [03/Feb/2019:18:58:13 +0000] "POST /api/book HTTP/1.1" 201 51 "-" "PostmanRuntime/7.6.0"
::1 - - [03/Feb/2019:19:00:02 +0000] "POST /api/book HTTP/1.1" 400 - "-" "PostmanRuntime/7.6.0"
::1 - - [03/Feb/2019:19:00:45 +0000] "POST /api/book HTTP/1.1" 400 - "-" "PostmanRuntime/7.6.0"
::1 - - [03/Feb/2019:19:01:08 +0000] "POST /api/book HTTP/1.1" 500 2864 "-" "PostmanRuntime/7.6.0"
::1 - - [03/Feb/2019:19:31:17 +0000] "POST /api/book HTTP/1.1" 500 3145 "-" "PostmanRuntime/7.6.0"
::1 - - [03/Feb/2019:19:31:36 +0000] "POST /api/book HTTP/1.1" 201 50 "-" "PostmanRuntime/7.6.0"
::1 - - [03/Feb/2019:19:31:40 +0000] "POST /api/book HTTP/1.1" 201 50 "-" "PostmanRuntime/7.6.0"
::1 - - [03/Feb/2019:19:31:42 +0000] "POST /api/book HTTP/1.1" 201 50 "-" "PostmanRuntime/7.6.0"
::1 - - [03/Feb/2019:19:31:44 +0000] "POST /api/book HTTP/1.1" 201 50 "-" "PostmanRuntime/7.6.0"
::1 - - [03/Feb/2019:19:31:50 +0000] "POST /api/book HTTP/1.1" 201 46 "-" "PostmanRuntime/7.6.0"
::1 - - [03/Feb/2019:19:32:11 +0000] "POST /api/book HTTP/1.1" 201 50 "-" "PostmanRuntime/7.6.0"
::1 - - [03/Feb/2019:19:32:17 +0000] "POST /api/book HTTP/1.1" 201 49 "-" "PostmanRuntime/7.6.0"
::1 - - [03/Feb/2019:19:42:45 +0000] "GET /api/book?page=1 HTTP/1.1" 200 776 "-" "PostmanRuntime/7.6.0"
::1 - - [03/Feb/2019:19:43:12 +0000] "GET /api/book?page=1 HTTP/1.1" 200 466 "-" "PostmanRuntime/7.6.0"
::1 - - [03/Feb/2019:20:01:04 +0000] "POST /api/book HTTP/1.1" 201 50 "-" "PostmanRuntime/7.6.0"
::1 - - [03/Feb/2019:20:01:13 +0000] "POST /api/book HTTP/1.1" 201 46 "-" "PostmanRuntime/7.6.0"
::1 - - [03/Feb/2019:20:01:22 +0000] "POST /api/book HTTP/1.1" 201 61 "-" "PostmanRuntime/7.6.0"
::1 - - [03/Feb/2019:20:04:24 +0000] "DELETE /api/author/9 HTTP/1.1" - - "-" "PostmanRuntime/7.6.0"
::1 - - [03/Feb/2019:20:06:34 +0000] "DELETE /api/book HTTP/1.1" 404 150 "-" "PostmanRuntime/7.6.0"
::1 - - [03/Feb/2019:20:06:48 +0000] "POST /api/book HTTP/1.1" 201 60 "-" "PostmanRuntime/7.6.0"
::1 - - [03/Feb/2019:20:06:54 +0000] "POST /api/book HTTP/1.1" 201 50 "-" "PostmanRuntime/7.6.0"
::1 - - [03/Feb/2019:20:07:00 +0000] "POST /api/book HTTP/1.1" 201 48 "-" "PostmanRuntime/7.6.0"
::1 - - [03/Feb/2019:20:08:38 +0000] "DELETE /api/author/1 HTTP/1.1" 200 838 "-" "PostmanRuntime/7.6.0"
::1 - - [03/Feb/2019:20:09:24 +0000] "DELETE /api/book/1 HTTP/1.1" 204 - "-" "PostmanRuntime/7.6.0"
::1 - - [03/Feb/2019:20:09:39 +0000] "DELETE /api/book/1 HTTP/1.1" 204 - "-" "PostmanRuntime/7.6.0"
::1 - - [03/Feb/2019:20:09:53 +0000] "DELETE /api/book/1 HTTP/1.1" 204 - "-" "PostmanRuntime/7.6.0"
::1 - - [03/Feb/2019:20:10:08 +0000] "DELETE /api/author/1 HTTP/1.1" 400 - "-" "PostmanRuntime/7.6.0"
::1 - - [03/Feb/2019:20:10:17 +0000] "DELETE /api/author/1 HTTP/1.1" 204 - "-" "PostmanRuntime/7.6.0"
::1 - - [03/Feb/2019:20:13:43 +0000] "DELETE /api/author/1 HTTP/1.1" 404 33 "-" "PostmanRuntime/7.6.0"
::1 - - [03/Feb/2019:20:18:52 +0000] "POST /api/book HTTP/1.1" 201 48 "-" "PostmanRuntime/7.6.0"
::1 - - [03/Feb/2019:20:18:57 +0000] "POST /api/book HTTP/1.1" 201 48 "-" "PostmanRuntime/7.6.0"
::1 - - [03/Feb/2019:20:19:01 +0000] "POST /api/book HTTP/1.1" 201 47 "-" "PostmanRuntime/7.6.0"
::1 - - [03/Feb/2019:20:19:18 +0000] "DELETE /api/author/1 HTTP/1.1" 403 57 "-" "PostmanRuntime/7.6.0"
::1 - - [03/Feb/2019:20:41:04 +0000] "POST /api/author HTTP/1.1" 201 40 "-" "PostmanRuntime/7.6.0"
::1 - - [03/Feb/2019:20:41:16 +0000] "DELETE /api/author/1 HTTP/1.1" 204 - "-" "PostmanRuntime/7.6.0"
